# JRE version: OpenJDK Runtime Environment (8.0_242-b01) (build 1.8.0_242-release-1644-b01)
# Java VM: OpenJDK 64-Bit Server VM (25.242-b01 mixed mode windows-amd64 compressed oops)
Heap:
 PSYoungGen      total 464384K, used 340366K [0x00000000d5580000, 0x00000000f8780000, 0x0000000100000000)
  eden space 393728K, 70% used [0x00000000d5580000,0x00000000e6365db0,0x00000000ed600000)
  from space 70656K, 90% used [0x00000000f4280000,0x00000000f80fda78,0x00000000f8780000)
  to   space 31744K, 0% used [0x00000000ed600000,0x00000000ed600000,0x00000000ef500000)
 ParOldGen       total 312320K, used 168138K [0x0000000080000000, 0x0000000093100000, 0x00000000d5580000)
  object space 312320K, 53% used [0x0000000080000000,0x000000008a432950,0x0000000093100000)
 Metaspace       used 117161K, capacity 123082K, committed 123288K, reserved 1157120K
  class space    used 15135K, capacity 16273K, committed 16296K, reserved 1048576K
GC Heap History (10 events):
Event: 177.696 GC heap before
{Heap before GC invocations=20 (full 4):
 PSYoungGen      total 394240K, used 17668K [0x00000000d5580000, 0x00000000efd80000, 0x0000000100000000)
  eden space 357888K, 0% used [0x00000000d5580000,0x00000000d5580000,0x00000000eb300000)
  from space 36352K, 48% used [0x00000000ed500000,0x00000000ee6411a8,0x00000000ef880000)
  to   space 34816K, 0% used [0x00000000eb300000,0x00000000eb300000,0x00000000ed500000)
 ParOldGen       total 199680K, used 80226K [0x0000000080000000, 0x000000008c300000, 0x00000000d5580000)
  object space 199680K, 40% used [0x0000000080000000,0x0000000084e588d8,0x000000008c300000)
 Metaspace       used 93898K, capacity 98346K, committed 98584K, reserved 1134592K
  class space    used 12220K, capacity 13076K, committed 13096K, reserved 1048576K
Event: 178.001 GC heap after
Heap after GC invocations=20 (full 4):
 PSYoungGen      total 394240K, used 0K [0x00000000d5580000, 0x00000000efd80000, 0x0000000100000000)
  eden space 357888K, 0% used [0x00000000d5580000,0x00000000d5580000,0x00000000eb300000)
  from space 36352K, 0% used [0x00000000ed500000,0x00000000ed500000,0x00000000ef880000)
  to   space 34816K, 0% used [0x00000000eb300000,0x00000000eb300000,0x00000000ed500000)
 ParOldGen       total 312320K, used 73912K [0x0000000080000000, 0x0000000093100000, 0x00000000d5580000)
  object space 312320K, 23% used [0x0000000080000000,0x000000008482e340,0x0000000093100000)
 Metaspace       used 93776K, capacity 97984K, committed 98584K, reserved 1134592K
  class space    used 12181K, capacity 13007K, committed 13096K, reserved 1048576K
}
Event: 268.439 GC heap before
{Heap before GC invocations=21 (full 4):
 PSYoungGen      total 394240K, used 357888K [0x00000000d5580000, 0x00000000efd80000, 0x0000000100000000)
  eden space 357888K, 100% used [0x00000000d5580000,0x00000000eb300000,0x00000000eb300000)
  from space 36352K, 0% used [0x00000000ed500000,0x00000000ed500000,0x00000000ef880000)
  to   space 34816K, 0% used [0x00000000eb300000,0x00000000eb300000,0x00000000ed500000)
 ParOldGen       total 312320K, used 73912K [0x0000000080000000, 0x0000000093100000, 0x00000000d5580000)
  object space 312320K, 23% used [0x0000000080000000,0x000000008482e340,0x0000000093100000)
 Metaspace       used 95851K, capacity 100312K, committed 100504K, reserved 1136640K
  class space    used 12486K, capacity 13391K, committed 13480K, reserved 1048576K
Event: 268.452 GC heap after
Heap after GC invocations=21 (full 4):
 PSYoungGen      total 392704K, used 16584K [0x00000000d5580000, 0x00000000f1f00000, 0x0000000100000000)
  eden space 357888K, 0% used [0x00000000d5580000,0x00000000d5580000,0x00000000eb300000)
  from space 34816K, 47% used [0x00000000eb300000,0x00000000ec332048,0x00000000ed500000)
  to   space 33280K, 0% used [0x00000000efe80000,0x00000000efe80000,0x00000000f1f00000)
 ParOldGen       total 312320K, used 73920K [0x0000000080000000, 0x0000000093100000, 0x00000000d5580000)
  object space 312320K, 23% used [0x0000000080000000,0x0000000084830340,0x0000000093100000)
 Metaspace       used 95851K, capacity 100312K, committed 100504K, reserved 1136640K
  class space    used 12486K, capacity 13391K, committed 13480K, reserved 1048576K
}
Event: 367.477 GC heap before
{Heap before GC invocations=22 (full 4):
 PSYoungGen      total 392704K, used 374472K [0x00000000d5580000, 0x00000000f1f00000, 0x0000000100000000)
  eden space 357888K, 100% used [0x00000000d5580000,0x00000000eb300000,0x00000000eb300000)
  from space 34816K, 47% used [0x00000000eb300000,0x00000000ec332048,0x00000000ed500000)
  to   space 33280K, 0% used [0x00000000efe80000,0x00000000efe80000,0x00000000f1f00000)
 ParOldGen       total 312320K, used 73920K [0x0000000080000000, 0x0000000093100000, 0x00000000d5580000)
  object space 312320K, 23% used [0x0000000080000000,0x0000000084830340,0x0000000093100000)
 Metaspace       used 96175K, capacity 100802K, committed 101016K, reserved 1136640K
  class space    used 12508K, capacity 13430K, committed 13480K, reserved 1048576K
Event: 367.496 GC heap after
Heap after GC invocations=22 (full 4):
 PSYoungGen      total 415744K, used 15804K [0x00000000d5580000, 0x00000000f1400000, 0x0000000100000000)
  eden space 393728K, 0% used [0x00000000d5580000,0x00000000d5580000,0x00000000ed600000)
  from space 22016K, 71% used [0x00000000efe80000,0x00000000f0def150,0x00000000f1400000)
  to   space 31744K, 0% used [0x00000000ed600000,0x00000000ed600000,0x00000000ef500000)
 ParOldGen       total 312320K, used 73928K [0x0000000080000000, 0x0000000093100000, 0x00000000d5580000)
  object space 312320K, 23% used [0x0000000080000000,0x0000000084832340,0x0000000093100000)
 Metaspace       used 96175K, capacity 100802K, committed 101016K, reserved 1136640K
  class space    used 12508K, capacity 13430K, committed 13480K, reserved 1048576K
}
Event: 375.206 GC heap before
{Heap before GC invocations=23 (full 4):
 PSYoungGen      total 415744K, used 409532K [0x00000000d5580000, 0x00000000f1400000, 0x0000000100000000)
  eden space 393728K, 100% used [0x00000000d5580000,0x00000000ed600000,0x00000000ed600000)
  from space 22016K, 71% used [0x00000000efe80000,0x00000000f0def150,0x00000000f1400000)
  to   space 31744K, 0% used [0x00000000ed600000,0x00000000ed600000,0x00000000ef500000)
 ParOldGen       total 312320K, used 73928K [0x0000000080000000, 0x0000000093100000, 0x00000000d5580000)
  object space 312320K, 23% used [0x0000000080000000,0x0000000084832340,0x0000000093100000)
 Metaspace       used 106286K, capacity 111128K, committed 111512K, reserved 1146880K
  class space    used 13678K, capacity 14668K, committed 14760K, reserved 1048576K
Event: 375.295 GC heap after
Heap after GC invocations=23 (full 4):
 PSYoungGen      total 425472K, used 31729K [0x00000000d5580000, 0x00000000f8780000, 0x0000000100000000)
  eden space 393728K, 0% used [0x00000000d5580000,0x00000000d5580000,0x00000000ed600000)
  from space 31744K, 99% used [0x00000000ed600000,0x00000000ef4fc6d8,0x00000000ef500000)
  to   space 70656K, 0% used [0x00000000f4280000,0x00000000f4280000,0x00000000f8780000)
 ParOldGen       total 312320K, used 168138K [0x0000000080000000, 0x0000000093100000, 0x00000000d5580000)
  object space 312320K, 53% used [0x0000000080000000,0x000000008a432950,0x0000000093100000)
 Metaspace       used 106286K, capacity 111128K, committed 111512K, reserved 1146880K
  class space    used 13678K, capacity 14668K, committed 14760K, reserved 1048576K
}
Event: 377.647 GC heap before
{Heap before GC invocations=24 (full 4):
 PSYoungGen      total 425472K, used 425457K [0x00000000d5580000, 0x00000000f8780000, 0x0000000100000000)
  eden space 393728K, 100% used [0x00000000d5580000,0x00000000ed600000,0x00000000ed600000)
  from space 31744K, 99% used [0x00000000ed600000,0x00000000ef4fc6d8,0x00000000ef500000)
  to   space 70656K, 0% used [0x00000000f4280000,0x00000000f4280000,0x00000000f8780000)
 ParOldGen       total 312320K, used 168138K [0x0000000080000000, 0x0000000093100000, 0x00000000d5580000)
  object space 312320K, 53% used [0x0000000080000000,0x000000008a432950,0x0000000093100000)
 Metaspace       used 116575K, capacity 122398K, committed 122520K, reserved 1155072K
  class space    used 15093K, capacity 16237K, committed 16296K, reserved 1048576K
Event: 377.725 GC heap after
Heap after GC invocations=24 (full 4):
 PSYoungGen      total 464384K, used 63990K [0x00000000d5580000, 0x00000000f8780000, 0x0000000100000000)
  eden space 393728K, 0% used [0x00000000d5580000,0x00000000d5580000,0x00000000ed600000)
  from space 70656K, 90% used [0x00000000f4280000,0x00000000f80fda78,0x00000000f8780000)
  to   space 31744K, 0% used [0x00000000ed600000,0x00000000ed600000,0x00000000ef500000)
 ParOldGen       total 312320K, used 168138K [0x0000000080000000, 0x0000000093100000, 0x00000000d5580000)
  object space 312320K, 53% used [0x0000000080000000,0x000000008a432950,0x0000000093100000)
 Metaspace       used 116575K, capacity 122398K, committed 122520K, reserved 1155072K
  class space    used 15093K, capacity 16237K, committed 16296K, reserved 1048576K
}

